app/build/intermediates/manifest_merge_blame_file/debug/processDebugMainManifest/manifest-merger-blame-debug-report.txt
1<?xml version="1.0" encoding="utf-8"?>
2<manifest xmlns:android="http://schemas.android.com/apk/res/android"
3    package="com.example.notifrdv"
4    android:versionCode="1"
5    android:versionName="1.0" >
6
7    <uses-sdk
8        android:minSdkVersion="23"
9        android:targetSdkVersion="34" />
10
11    <permission
11-->[androidx.core:core:1.9.0] AndroidManifest.xml:22:5-24:47
12        android:name="com.example.notifrdv.DYNAMIC_RECEIVER_NOT_EXPORTED_PERMISSION"
12-->[androidx.core:core:1.9.0] AndroidManifest.xml:23:9-81
13        android:protectionLevel="signature" />
13-->[androidx.core:core:1.9.0] AndroidManifest.xml:24:9-44
14
15    <uses-permission android:name="com.example.notifrdv.DYNAMIC_RECEIVER_NOT_EXPORTED_PERMISSION" />
15-->[androidx.core:core:1.9.0] AndroidManifest.xml:26:5-97
15-->[androidx.core:core:1.9.0] AndroidManifest.xml:26:22-94
16
17    <application
17-->src/main/AndroidManifest.xml:6:5-65:19
18        android:allowBackup="true"
18-->src/main/AndroidManifest.xml:7:9-35
19        android:appComponentFactory="androidx.core.app.CoreComponentFactory"
19-->[androidx.core:core:1.9.0] AndroidManifest.xml:28:18-86
20        android:dataExtractionRules="@xml/data_extraction_rules"
20-->src/main/AndroidManifest.xml:8:9-65
21        android:debuggable="true"
22        android:extractNativeLibs="false"
23        android:fullBackupContent="@xml/backup_rules"
23-->src/main/AndroidManifest.xml:9:9-54
24        android:icon="@mipmap/ic_launcher"
24-->src/main/AndroidManifest.xml:10:9-43
25        android:label="@string/app_name_with_spacing"
25-->src/main/AndroidManifest.xml:11:9-54
26        android:roundIcon="@mipmap/ic_launcher_round"
26-->src/main/AndroidManifest.xml:12:9-54
27        android:supportsRtl="false"
27-->src/main/AndroidManifest.xml:13:9-36
28        android:testOnly="true"
29        android:theme="@style/Theme.NotifRDV" >
29-->src/main/AndroidManifest.xml:14:9-46
30        <activity
30-->src/main/AndroidManifest.xml:17:9-19:40
31            android:name="com.example.notifrdv.appointment.AppointmentActivity"
31-->src/main/AndroidManifest.xml:18:13-60
32            android:exported="false" />
32-->src/main/AndroidManifest.xml:19:13-37
33        <activity
33-->src/main/AndroidManifest.xml:21:9-23:40
34            android:name="com.example.notifrdv.currentAppointment.CurrentAppointmentActivity"
34-->src/main/AndroidManifest.xml:22:13-74
35            android:exported="false" />
35-->src/main/AndroidManifest.xml:23:13-37
36        <activity
36-->src/main/AndroidManifest.xml:25:9-27:40
37            android:name="com.example.notifrdv.doctorProfile.DoctorProfileActivity"
37-->src/main/AndroidManifest.xml:26:13-64
38            android:exported="false" />
38-->src/main/AndroidManifest.xml:27:13-37
39        <activity
39-->src/main/AndroidManifest.xml:29:9-31:40
40            android:name="com.example.notifrdv.home.HomeActivity"
40-->src/main/AndroidManifest.xml:30:13-46
41            android:exported="false" />
41-->src/main/AndroidManifest.xml:31:13-37
42        <activity
42-->src/main/AndroidManifest.xml:33:9-35:40
43            android:name="com.example.notifrdv.login.LoginActivity"
43-->src/main/AndroidManifest.xml:34:13-48
44            android:exported="false" />
44-->src/main/AndroidManifest.xml:35:13-37
45        <activity
45-->src/main/AndroidManifest.xml:37:9-39:40
46            android:name="com.example.notifrdv.login.RegisterActivity"
46-->src/main/AndroidManifest.xml:38:13-51
47            android:exported="false" />
47-->src/main/AndroidManifest.xml:39:13-37
48        <activity
48-->src/main/AndroidManifest.xml:41:9-43:40
49            android:name="com.example.notifrdv.patientProfile.EditablePatientProfileActivity"
49-->src/main/AndroidManifest.xml:42:13-74
50            android:exported="false" />
50-->src/main/AndroidManifest.xml:43:13-37
51        <activity
51-->src/main/AndroidManifest.xml:45:9-47:40
52            android:name="com.example.notifrdv.patientProfile.PatientProfileActivity"
52-->src/main/AndroidManifest.xml:46:13-66
53            android:exported="false" />
53-->src/main/AndroidManifest.xml:47:13-37
54        <activity
54-->src/main/AndroidManifest.xml:49:9-51:40
55            android:name="com.example.notifrdv.patientRecords.PatientRecordsActivity"
55-->src/main/AndroidManifest.xml:50:13-66
56            android:exported="false" />
56-->src/main/AndroidManifest.xml:51:13-37
57        <activity
57-->src/main/AndroidManifest.xml:53:9-60:20
58            android:name="com.example.notifrdv.WelcomeActivity"
58-->src/main/AndroidManifest.xml:54:13-44
59            android:exported="true" >
59-->src/main/AndroidManifest.xml:55:13-36
60            <intent-filter>
60-->src/main/AndroidManifest.xml:56:13-59:29
61                <action android:name="android.intent.action.MAIN" />
61-->src/main/AndroidManifest.xml:57:17-69
61-->src/main/AndroidManifest.xml:57:25-66
62
63                <category android:name="android.intent.category.LAUNCHER" />
63-->src/main/AndroidManifest.xml:58:17-77
63-->src/main/AndroidManifest.xml:58:27-74
64            </intent-filter>
65        </activity>
66
67        <meta-data
67-->src/main/AndroidManifest.xml:62:9-64:57
68            android:name="preloaded_fonts"
68-->src/main/AndroidManifest.xml:63:13-43
69            android:resource="@array/preloaded_fonts" />
69-->src/main/AndroidManifest.xml:64:13-54
70
71        <provider
71-->[androidx.emoji2:emoji2:1.2.0] AndroidManifest.xml:24:9-32:20
72            android:name="androidx.startup.InitializationProvider"
72-->[androidx.emoji2:emoji2:1.2.0] AndroidManifest.xml:25:13-67
73            android:authorities="com.example.notifrdv.androidx-startup"
73-->[androidx.emoji2:emoji2:1.2.0] AndroidManifest.xml:26:13-68
74            android:exported="false" >
74-->[androidx.emoji2:emoji2:1.2.0] AndroidManifest.xml:27:13-37
75            <meta-data
75-->[androidx.emoji2:emoji2:1.2.0] AndroidManifest.xml:29:13-31:52
76                android:name="androidx.emoji2.text.EmojiCompatInitializer"
76-->[androidx.emoji2:emoji2:1.2.0] AndroidManifest.xml:30:17-75
77                android:value="androidx.startup" />
77-->[androidx.emoji2:emoji2:1.2.0] AndroidManifest.xml:31:17-49
78            <meta-data
78-->[androidx.lifecycle:lifecycle-process:2.6.1] AndroidManifest.xml:29:13-31:52
79                android:name="androidx.lifecycle.ProcessLifecycleInitializer"
79-->[androidx.lifecycle:lifecycle-process:2.6.1] AndroidManifest.xml:30:17-78
80                android:value="androidx.startup" />
80-->[androidx.lifecycle:lifecycle-process:2.6.1] AndroidManifest.xml:31:17-49
81            <meta-data
81-->[androidx.profileinstaller:profileinstaller:1.3.0] AndroidManifest.xml:29:13-31:52
82                android:name="androidx.profileinstaller.ProfileInstallerInitializer"
82-->[androidx.profileinstaller:profileinstaller:1.3.0] AndroidManifest.xml:30:17-85
83                android:value="androidx.startup" />
83-->[androidx.profileinstaller:profileinstaller:1.3.0] AndroidManifest.xml:31:17-49
84        </provider>
85
86        <receiver
86-->[androidx.profileinstaller:profileinstaller:1.3.0] AndroidManifest.xml:34:9-52:20
87            android:name="androidx.profileinstaller.ProfileInstallReceiver"
87-->[androidx.profileinstaller:profileinstaller:1.3.0] AndroidManifest.xml:35:13-76
88            android:directBootAware="false"
88-->[androidx.profileinstaller:profileinstaller:1.3.0] AndroidManifest.xml:36:13-44
89            android:enabled="true"
89-->[androidx.profileinstaller:profileinstaller:1.3.0] AndroidManifest.xml:37:13-35
90            android:exported="true"
90-->[androidx.profileinstaller:profileinstaller:1.3.0] AndroidManifest.xml:38:13-36
91            android:permission="android.permission.DUMP" >
91-->[androidx.profileinstaller:profileinstaller:1.3.0] AndroidManifest.xml:39:13-57
92            <intent-filter>
92-->[androidx.profileinstaller:profileinstaller:1.3.0] AndroidManifest.xml:40:13-42:29
93                <action android:name="androidx.profileinstaller.action.INSTALL_PROFILE" />
93-->[androidx.profileinstaller:profileinstaller:1.3.0] AndroidManifest.xml:41:17-91
93-->[androidx.profileinstaller:profileinstaller:1.3.0] AndroidManifest.xml:41:25-88
94            </intent-filter>
95            <intent-filter>
95-->[androidx.profileinstaller:profileinstaller:1.3.0] AndroidManifest.xml:43:13-45:29
96                <action android:name="androidx.profileinstaller.action.SKIP_FILE" />
96-->[androidx.profileinstaller:profileinstaller:1.3.0] AndroidManifest.xml:44:17-85
96-->[androidx.profileinstaller:profileinstaller:1.3.0] AndroidManifest.xml:44:25-82
97            </intent-filter>
98            <intent-filter>
98-->[androidx.profileinstaller:profileinstaller:1.3.0] AndroidManifest.xml:46:13-48:29
99                <action android:name="androidx.profileinstaller.action.SAVE_PROFILE" />
99-->[androidx.profileinstaller:profileinstaller:1.3.0] AndroidManifest.xml:47:17-88
99-->[androidx.profileinstaller:profileinstaller:1.3.0] AndroidManifest.xml:47:25-85
100            </intent-filter>
101            <intent-filter>
101-->[androidx.profileinstaller:profileinstaller:1.3.0] AndroidManifest.xml:49:13-51:29
102                <action android:name="androidx.profileinstaller.action.BENCHMARK_OPERATION" />
102-->[androidx.profileinstaller:profileinstaller:1.3.0] AndroidManifest.xml:50:17-95
102-->[androidx.profileinstaller:profileinstaller:1.3.0] AndroidManifest.xml:50:25-92
103            </intent-filter>
104        </receiver>
105    </application>
106
107</manifest>